<?xml version="1.0" encoding="UTF-8"?>
<!-- Generated by org.testng.reporters.JUnitXMLReporter -->
<testsuite hostname="Chinthia" ignored="0" name="Test" tests="22" failures="15" timestamp="2023-03-03T20:46:25 IST" time="31.912" errors="0">
  <testcase name="TC101" time="0.607" classname="com.tests.Adactin">
    <failure type="java.lang.AssertionError" message="expected [Adactin.com - Search Hotel] but found [Adactin.com - Hotel Reservation System]">
      <![CDATA[java.lang.AssertionError: expected [Adactin.com - Search Hotel] but found [Adactin.com - Hotel Reservation System]
at com.tests.Adactin.TC101(Adactin.java:43)
at java.util.ArrayList.forEach(Unknown Source)
... Removed 33 stack frames]]>
    </failure>
  </testcase> <!-- TC101 -->
  <testcase name="TC101" time="0.524" classname="com.tests.Adactin">
    <failure type="java.lang.AssertionError" message="expected [Adactin.com - Search Hotel] but found [Adactin.com - Hotel Reservation System]">
      <![CDATA[java.lang.AssertionError: expected [Adactin.com - Search Hotel] but found [Adactin.com - Hotel Reservation System]
at com.tests.Adactin.TC101(Adactin.java:43)
at java.util.ArrayList.forEach(Unknown Source)
... Removed 33 stack frames]]>
    </failure>
  </testcase> <!-- TC101 -->
  <testcase name="TC101" time="0.496" classname="com.tests.Adactin">
    <failure type="java.lang.AssertionError" message="expected [Adactin.com - Search Hotel] but found [Adactin.com - Hotel Reservation System]">
      <![CDATA[java.lang.AssertionError: expected [Adactin.com - Search Hotel] but found [Adactin.com - Hotel Reservation System]
at com.tests.Adactin.TC101(Adactin.java:43)
at java.util.ArrayList.forEach(Unknown Source)
... Removed 33 stack frames]]>
    </failure>
  </testcase> <!-- TC101 -->
  <testcase name="TC101" time="0.521" classname="com.tests.Adactin">
    <failure type="java.lang.AssertionError" message="expected [Adactin.com - Search Hotel] but found [Adactin.com - Hotel Reservation System]">
      <![CDATA[java.lang.AssertionError: expected [Adactin.com - Search Hotel] but found [Adactin.com - Hotel Reservation System]
at com.tests.Adactin.TC101(Adactin.java:43)
at java.util.ArrayList.forEach(Unknown Source)
... Removed 33 stack frames]]>
    </failure>
  </testcase> <!-- TC101 -->
  <testcase name="TC101" time="0.554" classname="com.tests.Adactin">
    <failure type="java.lang.AssertionError" message="expected [Adactin.com - Search Hotel] but found [Adactin.com - Hotel Reservation System]">
      <![CDATA[java.lang.AssertionError: expected [Adactin.com - Search Hotel] but found [Adactin.com - Hotel Reservation System]
at com.tests.Adactin.TC101(Adactin.java:43)
at java.util.ArrayList.forEach(Unknown Source)
... Removed 33 stack frames]]>
    </failure>
  </testcase> <!-- TC101 -->
  <testcase name="TC101" time="0.5" classname="com.tests.Adactin">
    <failure type="java.lang.AssertionError" message="expected [Adactin.com - Search Hotel] but found [Adactin.com - Hotel Reservation System]">
      <![CDATA[java.lang.AssertionError: expected [Adactin.com - Search Hotel] but found [Adactin.com - Hotel Reservation System]
at com.tests.Adactin.TC101(Adactin.java:43)
at java.util.ArrayList.forEach(Unknown Source)
... Removed 33 stack frames]]>
    </failure>
  </testcase> <!-- TC101 -->
  <testcase name="TC101" time="0.905" classname="com.tests.Adactin"/>
  <testcase name="TC102" time="1.126" classname="com.tests.Adactin">
    <failure type="java.lang.AssertionError" message="expected [Adactin.com - Select Hotel] but found [Adactin.com - Search Hotel]">
      <![CDATA[java.lang.AssertionError: expected [Adactin.com - Select Hotel] but found [Adactin.com - Search Hotel]
at com.tests.Adactin.TC102(Adactin.java:62)
at java.util.ArrayList.forEach(Unknown Source)
... Removed 33 stack frames]]>
    </failure>
  </testcase> <!-- TC102 -->
  <testcase name="TC102" time="1.049" classname="com.tests.Adactin">
    <failure type="java.lang.AssertionError" message="expected [Adactin.com - Select Hotel] but found [Adactin.com - Search Hotel]">
      <![CDATA[java.lang.AssertionError: expected [Adactin.com - Select Hotel] but found [Adactin.com - Search Hotel]
at com.tests.Adactin.TC102(Adactin.java:62)
at java.util.ArrayList.forEach(Unknown Source)
... Removed 33 stack frames]]>
    </failure>
  </testcase> <!-- TC102 -->
  <testcase name="TC102" time="0.965" classname="com.tests.Adactin">
    <failure type="java.lang.AssertionError" message="expected [Adactin.com - Select Hotel] but found [Adactin.com - Search Hotel]">
      <![CDATA[java.lang.AssertionError: expected [Adactin.com - Select Hotel] but found [Adactin.com - Search Hotel]
at com.tests.Adactin.TC102(Adactin.java:62)
at java.util.ArrayList.forEach(Unknown Source)
... Removed 33 stack frames]]>
    </failure>
  </testcase> <!-- TC102 -->
  <testcase name="TC102" time="1.014" classname="com.tests.Adactin">
    <failure type="java.lang.AssertionError" message="expected [Adactin.com - Select Hotel] but found [Adactin.com - Search Hotel]">
      <![CDATA[java.lang.AssertionError: expected [Adactin.com - Select Hotel] but found [Adactin.com - Search Hotel]
at com.tests.Adactin.TC102(Adactin.java:62)
at java.util.ArrayList.forEach(Unknown Source)
... Removed 33 stack frames]]>
    </failure>
  </testcase> <!-- TC102 -->
  <testcase name="TC102" time="0.846" classname="com.tests.Adactin">
    <failure type="java.lang.AssertionError" message="expected [Adactin.com - Select Hotel] but found [Adactin.com - Search Hotel]">
      <![CDATA[java.lang.AssertionError: expected [Adactin.com - Select Hotel] but found [Adactin.com - Search Hotel]
at com.tests.Adactin.TC102(Adactin.java:62)
at java.util.ArrayList.forEach(Unknown Source)
... Removed 33 stack frames]]>
    </failure>
  </testcase> <!-- TC102 -->
  <testcase name="TC102" time="0.972" classname="com.tests.Adactin">
    <failure type="java.lang.AssertionError" message="expected [Adactin.com - Select Hotel] but found [Adactin.com - Search Hotel]">
      <![CDATA[java.lang.AssertionError: expected [Adactin.com - Select Hotel] but found [Adactin.com - Search Hotel]
at com.tests.Adactin.TC102(Adactin.java:62)
at java.util.ArrayList.forEach(Unknown Source)
... Removed 33 stack frames]]>
    </failure>
  </testcase> <!-- TC102 -->
  <testcase name="TC102" time="1.062" classname="com.tests.Adactin">
    <failure type="java.lang.AssertionError" message="expected [Adactin.com - Select Hotel] but found [Adactin.com - Search Hotel]">
      <![CDATA[java.lang.AssertionError: expected [Adactin.com - Select Hotel] but found [Adactin.com - Search Hotel]
at com.tests.Adactin.TC102(Adactin.java:62)
at java.util.ArrayList.forEach(Unknown Source)
... Removed 33 stack frames]]>
    </failure>
  </testcase> <!-- TC102 -->
  <testcase name="TC102" time="2.341" classname="com.tests.Adactin"/>
  <testcase name="TC102" time="1.043" classname="com.tests.Adactin">
    <failure type="java.lang.AssertionError" message="expected [Adactin.com - Select Hotel] but found [Adactin.com - Search Hotel]">
      <![CDATA[java.lang.AssertionError: expected [Adactin.com - Select Hotel] but found [Adactin.com - Search Hotel]
at com.tests.Adactin.TC102(Adactin.java:62)
at java.util.ArrayList.forEach(Unknown Source)
... Removed 33 stack frames]]>
    </failure>
  </testcase> <!-- TC102 -->
  <testcase name="TC102" time="0.96" classname="com.tests.Adactin">
    <failure type="java.lang.AssertionError" message="expected [Adactin.com - Select Hotel] but found [Adactin.com - Search Hotel]">
      <![CDATA[java.lang.AssertionError: expected [Adactin.com - Select Hotel] but found [Adactin.com - Search Hotel]
at com.tests.Adactin.TC102(Adactin.java:62)
at java.util.ArrayList.forEach(Unknown Source)
... Removed 33 stack frames]]>
    </failure>
  </testcase> <!-- TC102 -->
  <testcase name="TC103" time="0.739" classname="com.tests.Adactin"/>
  <testcase name="TC104" time="0.819" classname="com.tests.Adactin"/>
  <testcase name="TC105" time="1.424" classname="com.tests.Adactin"/>
  <testcase name="TC106" time="1.413" classname="com.tests.Adactin"/>
  <testcase name="TC107" time="1.257" classname="com.tests.Adactin"/>
</testsuite> <!-- Test -->
